frame=0
fps=0.00
stream_0_0_q=0.0
bitrate=N/A
total_size=N/A
out_time_ms=0
out_time=00:00:00.000000
dup_frames=0
drop_frames=0
speed=   0x
progress=continue
frame=0
fps=0.00
stream_0_0_q=0.0
bitrate=N/A
total_size=N/A
out_time_ms=0
out_time=00:00:00.000000
dup_frames=0
drop_frames=0
speed=   0x
progress=continue
frame=0
fps=0.00
stream_0_0_q=0.0
bitrate=N/A
total_size=N/A
out_time_ms=0
out_time=00:00:00.000000
dup_frames=0
drop_frames=0
speed=   0x
progress=continue
frame=0
fps=0.00
stream_0_0_q=0.0
bitrate=N/A
total_size=N/A
out_time_ms=0
out_time=00:00:00.000000
dup_frames=0
drop_frames=0
speed=   0x
progress=continue
frame=0
fps=0.00
stream_0_0_q=0.0
bitrate=N/A
total_size=N/A
out_time_ms=0
out_time=00:00:00.000000
dup_frames=0
drop_frames=0
speed=   0x
progress=continue
frame=0
fps=0.00
stream_0_0_q=0.0
bitrate=N/A
total_size=N/A
out_time_ms=0
out_time=00:00:00.000000
dup_frames=0
drop_frames=0
speed=   0x
progress=continue
frame=0
fps=0.00
stream_0_0_q=0.0
bitrate=N/A
total_size=N/A
out_time_ms=0
out_time=00:00:00.000000
dup_frames=0
drop_frames=0
speed=   0x
progress=continue
frame=1
fps=0.25
stream_0_0_q=-0.0
bitrate=N/A
total_size=N/A
out_time_ms=40000
out_time=00:00:00.040000
dup_frames=1
drop_frames=1
speed=0.00985x
progress=end
